<?xml version="1.0" encoding="UTF-8"?>
<testng-results skipped="0" failed="0" ignored="0" total="0" passed="0">
  <reporter-output>
  </reporter-output>
  <suite name="Expedia.testExpedia.AppTest" duration-ms="4" started-at="2017-10-19T20:03:44Z" finished-at="2017-10-19T20:03:44Z">
    <groups>
    </groups>
    <test name="Command line test" duration-ms="4" started-at="2017-10-19T20:03:44Z" finished-at="2017-10-19T20:03:44Z">
    </test> <!-- Command line test -->
  </suite> <!-- Expedia.testExpedia.AppTest -->
</testng-results>
